\BOOKMARK [0][-]{chapter.1}{第1章  这是什么}{}% 1
\BOOKMARK [1][-]{section.1.1}{1.1 模板说明}{chapter.1}% 2
\BOOKMARK [2][-]{subsection.1.1.1}{1.1.1 模板特性}{section.1.1}% 3
\BOOKMARK [2][-]{subsection.1.1.2}{1.1.2 系统要求}{section.1.1}% 4
\BOOKMARK [2][-]{subsection.1.1.3}{1.1.3 模板文件布局}{section.1.1}% 5
\BOOKMARK [2][-]{subsection.1.1.4}{1.1.4 如何使用}{section.1.1}% 6
\BOOKMARK [1][-]{section.1.2}{1.2 硕士学位论文格式的一些说明}{chapter.1}% 7
\BOOKMARK [1][-]{section.1.3}{1.3 bit-master-thesis模板类简介}{chapter.1}% 8
\BOOKMARK [2][-]{subsection.1.3.1}{1.3.1 页面设置}{section.1.3}% 9
\BOOKMARK [2][-]{subsection.1.3.2}{1.3.2 章节格式与目录}{section.1.3}% 10
\BOOKMARK [2][-]{subsection.1.3.3}{1.3.3 封面设计}{section.1.3}% 11
\BOOKMARK [0][-]{chapter.2}{第2章  一些 LaTeX 排版的例子}{}% 12
\BOOKMARK [1][-]{section.2.1}{2.1 数学排版的例子}{chapter.2}% 13
\BOOKMARK [2][-]{subsection.2.1.1}{2.1.1 公式排版}{section.2.1}% 14
\BOOKMARK [2][-]{subsection.2.1.2}{2.1.2 定理环境}{section.2.1}% 15
\BOOKMARK [1][-]{section.2.2}{2.2 向文档中插入图像}{chapter.2}% 16
\BOOKMARK [2][-]{subsection.2.2.1}{2.2.1 支持的图片格式}{section.2.2}% 17
\BOOKMARK [2][-]{subsection.2.2.2}{2.2.2 长标题的换行}{section.2.2}% 18
\BOOKMARK [1][-]{section.2.3}{2.3 表格的例子}{chapter.2}% 19
\BOOKMARK [1][-]{section.2.4}{2.4 参考文献管理}{chapter.2}% 20
\BOOKMARK [2][-]{subsection.2.4.1}{2.4.1 将参考文献的内容与表现分离}{section.2.4}% 21
\BOOKMARK [2][-]{subsection.2.4.2}{2.4.2 在正文中引用参考文献}{section.2.4}% 22
\BOOKMARK [2][-]{subsection.2.4.3}{2.4.3 参考文献管理器}{section.2.4}% 23
\BOOKMARK [1][-]{section.2.5}{2.5 用 listings 插入源代码}{chapter.2}% 24
\BOOKMARK [0][-]{chapter.3}{第3章  问题与希望}{}% 25
\BOOKMARK [0][-]{chapter*.2}{全文总结}{}% 26
\BOOKMARK [0][-]{appendix.A}{附录 A  模板更新记录}{}% 27
\BOOKMARK [0][-]{appendix.B}{附录 B  Maxwell Equations}{}% 28
\BOOKMARK [0][-]{appendix*.3}{参考文献}{}% 29
\BOOKMARK [0][-]{appendix*.4}{攻读学位期间发表的学术论文目录}{}% 30
\BOOKMARK [0][-]{appendix*.5}{致  谢}{}% 31
