This is XeTeX, Version 3.1415926-2.3-0.9997.5 (TeX Live 2011) (format=xelatex 2012.2.24)  17 DEC 2012 21:12
entering extended mode
 restricted \write18 enabled.
 %&-line parsing enabled.
**demo
(./demo.tex
LaTeX2e <2009/09/24>
Babel <v3.8l> and hyphenation patterns for english, dumylang, nohyphenation, ge
rman-x-2009-06-19, ngerman-x-2009-06-19, afrikaans, ancientgreek, ibycus, arabi
c, armenian, basque, bulgarian, catalan, pinyin, coptic, croatian, czech, danis
h, dutch, ukenglish, usenglishmax, esperanto, estonian, ethiopic, farsi, finnis
h, french, galician, german, ngerman, swissgerman, monogreek, greek, hungarian,
 icelandic, assamese, bengali, gujarati, hindi, kannada, malayalam, marathi, or
iya, panjabi, tamil, telugu, indonesian, interlingua, irish, italian, kurmanji,
 lao, latin, latvian, lithuanian, mongolian, mongolianlmc, bokmal, nynorsk, pol
ish, portuguese, romanian, russian, sanskrit, serbian, serbianc, slovak, sloven
ian, spanish, swedish, turkish, turkmen, ukrainian, uppersorbian, welsh, loaded
.
(./bitmaster-xetex.cls
(/usr/local/texlive/2011/texmf-dist/tex/latex/amsmath/amsmath.sty
Package: amsmath 2000/07/18 v2.13 AMS math features
\@mathmargin=\skip41

For additional information on amsmath, use the `?' option.
(/usr/local/texlive/2011/texmf-dist/tex/latex/amsmath/amstext.sty
Package: amstext 2000/06/29 v2.01

(/usr/local/texlive/2011/texmf-dist/tex/latex/amsmath/amsgen.sty
File: amsgen.sty 1999/11/30 v2.0
\@emptytoks=\toks14
\ex@=\dimen102
))
(/usr/local/texlive/2011/texmf-dist/tex/latex/amsmath/amsbsy.sty
Package: amsbsy 1999/11/29 v1.2d
\pmbraise@=\dimen103
)
(/usr/local/texlive/2011/texmf-dist/tex/latex/amsmath/amsopn.sty
Package: amsopn 1999/12/14 v2.01 operator names
)
\inf@bad=\count80
LaTeX Info: Redefining \frac on input line 211.
\uproot@=\count81
\leftroot@=\count82
LaTeX Info: Redefining \overline on input line 307.
\classnum@=\count83
\DOTSCASE@=\count84
LaTeX Info: Redefining \ldots on input line 379.
LaTeX Info: Redefining \dots on input line 382.
LaTeX Info: Redefining \cdots on input line 467.
\Mathstrutbox@=\box26
\strutbox@=\box27
\big@size=\dimen104
LaTeX Font Info:    Redeclaring font encoding OML on input line 567.
LaTeX Font Info:    Redeclaring font encoding OMS on input line 568.
\macc@depth=\count85
\c@MaxMatrixCols=\count86
\dotsspace@=\muskip10
\c@parentequation=\count87
\dspbrk@lvl=\count88
\tag@help=\toks15
\row@=\count89
\column@=\count90
\maxfields@=\count91
\andhelp@=\toks16
\eqnshift@=\dimen105
\alignsep@=\dimen106
\tagshift@=\dimen107
\tagwidth@=\dimen108
\totwidth@=\dimen109
\lineht@=\dimen110
\@envbody=\toks17
\multlinegap=\skip42
\multlinetaggap=\skip43
\mathdisplay@stack=\toks18
LaTeX Info: Redefining \[ on input line 2666.
LaTeX Info: Redefining \] on input line 2667.
)
(/usr/local/texlive/2011/texmf-dist/tex/latex/amscls/amsthm.sty
Package: amsthm 2009/07/02 v2.20.1
\thm@style=\toks19
\thm@bodyfont=\toks20
\thm@headfont=\toks21
\thm@notefont=\toks22
\thm@headpunct=\toks23
\thm@preskip=\skip44
\thm@postskip=\skip45
\thm@headsep=\skip46
\dth@everypar=\toks24
)
(/usr/local/texlive/2011/texmf-dist/tex/latex/amsfonts/amsfonts.sty
Package: amsfonts 2009/06/22 v3.00 Basic AMSFonts support
\symAMSa=\mathgroup4
\symAMSb=\mathgroup5
LaTeX Font Info:    Overwriting math alphabet `\mathfrak' in version `bold'
(Font)                  U/euf/m/n --> U/euf/b/n on input line 96.
)
(/usr/local/texlive/2011/texmf-dist/tex/latex/amsfonts/amssymb.sty
Package: amssymb 2009/06/22 v3.00
)
(/usr/local/texlive/2011/texmf-dist/tex/latex/tools/bm.sty
Package: bm 2004/02/26 v1.1c Bold Symbol Support (DPC/FMi)
\symboldoperators=\mathgroup6
\symboldletters=\mathgroup7
\symboldsymbols=\mathgroup8
LaTeX Font Info:    Redeclaring math alphabet \mathbf on input line 138.
LaTeX Info: Redefining \bm on input line 204.
)
(/usr/local/texlive/2011/texmf-dist/tex/latex/jknapltx/mathrsfs.sty
Package: mathrsfs 1996/01/01 Math RSFS package v1.0 (jk)
\symrsfs=\mathgroup9
)
(/usr/local/texlive/2011/texmf-dist/tex/latex/was/upgreek.sty
Package: upgreek 2003/02/12 v2.0 (WaS)
Package upgreek Info: Using Euler Roman for upright Greek on input line 31.
\symugrf@m=\mathgroup10
LaTeX Font Info:    Overwriting symbol font `ugrf@m' in version `bold'
(Font)                  U/eur/m/n --> U/eur/b/n on input line 38.
)
Document Class: bitmaster-xetex 2009/12/25 v0.2a bitmaster-xetex document class

(/usr/local/texlive/2011/texmf-dist/tex/latex/ctex/ctexbook.cls
Document Class: ctexbook 2011/03/11 v1.02c ctexbook document class
(/usr/local/texlive/2011/texmf-dist/tex/latex/ctex/opt/ctex-common-opts.def)
(/usr/local/texlive/2011/texmf-dist/tex/latex/ctex/opt/ctex-caption-opts.def
\c@CTEX@sectiondepth=\count92
)
(/usr/local/texlive/2011/texmf-dist/tex/latex/ctex/opt/ctex-class-opts.def)
(/usr/local/texlive/2011/texmf-dist/tex/latex/ctex/def/ctex-loadclass.def
(/usr/local/texlive/2011/texmf-dist/tex/latex/base/book.cls
Document Class: book 2007/10/19 v1.4h Standard LaTeX document class
(/usr/local/texlive/2011/texmf-dist/tex/latex/base/bk12.clo
File: bk12.clo 2007/10/19 v1.4h Standard LaTeX file (size option)
)
\c@part=\count93
\c@chapter=\count94
\c@section=\count95
\c@subsection=\count96
\c@subsubsection=\count97
\c@paragraph=\count98
\c@subparagraph=\count99
\c@figure=\count100
\c@table=\count101
\abovecaptionskip=\skip47
\belowcaptionskip=\skip48
\bibindent=\dimen111
))
(/usr/local/texlive/2011/texmf-dist/tex/latex/ctex/def/ctex-common.def
(/usr/local/texlive/2011/texmf-dist/tex/latex/expl3/expl3.sty
(/usr/local/texlive/2011/texmf-dist/tex/latex/expl3/l3names.sty
Package: l3names 2011/01/08 v2122 L3 Experimental Naming Scheme for TeX Primiti
ves
)
Package: expl3 2011/04/09 v2222 L3 Experimental code bundle wrapper

(/usr/local/texlive/2011/texmf-dist/tex/latex/etex-pkg/etex.sty
Package: etex 1998/03/26 v2.0 eTeX basic definition package (PEB)
\et@xins=\count102
)
(/usr/local/texlive/2011/texmf-dist/tex/latex/expl3/l3basics.sty
Package: l3basics 2011/04/23 v2246 L3 Experimental basic definitions
)
(/usr/local/texlive/2011/texmf-dist/tex/latex/expl3/l3expan.sty
Package: l3expan 2011/04/09 v2223 L3 Experimental Argument Expansion module
)
(/usr/local/texlive/2011/texmf-dist/tex/latex/expl3/l3tl.sty
Package: l3tl 2011/04/09 v2223 L3 Experimental Token Lists
)
(/usr/local/texlive/2011/texmf-dist/tex/latex/expl3/l3int.sty
Package: l3int 2011/04/11 v2229 L3 Experimental Integer module
\l_tmpa_int=\count103
\l_tmpb_int=\count104
\l_tmpc_int=\count105
\g_tmpa_int=\count106
\g_tmpb_int=\count107
\c_max_int=\count108
\g_tl_inline_level_int=\count109
\g_prg_inline_level_int=\count110
)
(/usr/local/texlive/2011/texmf-dist/tex/latex/expl3/l3quark.sty
Package: l3quark 2011/04/14 v2234 L3 Experimental Quark Commands
)
(/usr/local/texlive/2011/texmf-dist/tex/latex/expl3/l3seq.sty
Package: l3seq 2011/04/21 v2245 The LaTeX3 kernel: sequences and stacks
\g_seq_nesting_depth_int=\count111
)
(/usr/local/texlive/2011/texmf-dist/tex/latex/expl3/l3toks.sty
Package: l3toks 2011/04/09 v2223 L3 Experimental Token Registers
\l_tmpb_toks=\toks25
\l_tmpc_toks=\toks26
\g_tmpa_toks=\toks27
\g_tmpb_toks=\toks28
\g_tmpc_toks=\toks29
\c_empty_toks=\toks30
\l_tl_replace_toks=\toks31
)
(/usr/local/texlive/2011/texmf-dist/tex/latex/expl3/l3prg.sty
Package: l3prg 2011/04/09 v2223 L3 Experimental control structures
)
(/usr/local/texlive/2011/texmf-dist/tex/latex/expl3/l3clist.sty
Package: l3clist 2011/04/09 v2223 L3 Experimental comma separated lists
\g_clist_map_inline_int=\count112
)
(/usr/local/texlive/2011/texmf-dist/tex/latex/expl3/l3token.sty
Package: l3token 2011/04/09 v2223 L3 Experimental token investigation and manip
ulation
)
(/usr/local/texlive/2011/texmf-dist/tex/latex/expl3/l3prop.sty
Package: l3prop 2011/04/09 v2223 L3 Experimental Property Lists
\g_prop_inline_level_int=\count113
)
(/usr/local/texlive/2011/texmf-dist/tex/latex/expl3/l3msg.sty
Package: l3msg 2010/10/02 v2052 L3 Experimental LaTeX Messages module
\l_msg_redirect_classes_prop=\toks32
\l_msg_redirect_names_prop=\toks33
\l_msg_redirect_fatal_prop=\toks34
\l_msg_redirect_error_prop=\toks35
\l_msg_redirect_warning_prop=\toks36
\l_msg_redirect_info_prop=\toks37
\l_msg_redirect_log_prop=\toks38
\l_msg_redirect_trace_prop=\toks39
\l_msg_redirect_none_prop=\toks40
)
(/usr/local/texlive/2011/texmf-dist/tex/latex/expl3/l3io.sty
Package: l3io 2010/10/03 v2063 L3 Experimental i/o module
\g_iow_streams_prop=\toks41
\g_ior_streams_prop=\toks42
\l_iow_stream_int=\count114
)
(/usr/local/texlive/2011/texmf-dist/tex/latex/expl3/l3skip.sty
Package: l3skip 2011/02/15 v2149 L3 Experimental skip registers
\l_tmpa_skip=\skip49
\l_tmpb_skip=\skip50
\l_tmpc_skip=\skip51
\g_tmpa_skip=\skip52
\g_tmpb_skip=\skip53
\l_tmpa_dim=\dimen112
\l_tmpb_dim=\dimen113
\l_tmpc_dim=\dimen114
\l_tmpd_dim=\dimen115
\g_tmpa_dim=\dimen116
\g_tmpb_dim=\dimen117
)
(/usr/local/texlive/2011/texmf-dist/tex/latex/expl3/l3box.sty
Package: l3box 2011/04/09 v2223 L3 Experimental Box module
\l_tmpb_box=\box28
)
(/usr/local/texlive/2011/texmf-dist/tex/latex/expl3/l3keyval.sty
Package: l3keyval 2011/04/09 v2223 L3 Experimental keyval processing
\l_KV_level_int=\count115
)
(/usr/local/texlive/2011/texmf-dist/tex/latex/expl3/l3keys.sty
Package: l3keys 2010/11/11 v2082 L3 Experimental key-value support
\l_keys_choice_int=\count116
)
(/usr/local/texlive/2011/texmf-dist/tex/latex/expl3/l3precom.sty
Package: l3precom 2011/04/09 v2223 L3 Experimental precompilation module
\g_gen_sym_int=\count117
\g_ggen_sym_int=\count118
)
(/usr/local/texlive/2011/texmf-dist/tex/latex/expl3/l3xref.sty
Package: l3xref 2011/04/09 v2223 L3 Experimental cross referencing
\g_xref_all_curr_immediate_fields_prop=\toks43
\g_xref_all_curr_deferred_fields_prop=\toks44
)
(/usr/local/texlive/2011/texmf-dist/tex/latex/expl3/l3file.sty
Package: l3file 2011/04/21 v2242 The LaTeX3 kernel: file operations
)
(/usr/local/texlive/2011/texmf-dist/tex/latex/expl3/l3fp.sty
Package: l3fp 2011/03/19 v2201 L3 Experimental floating-point operations
\c_one_million=\count119
\c_one_hundred_million=\count120
\c_five_hundred_million=\count121
\c_one_thousand_million=\count122
\c_fp_pi_by_four_decimal_int=\count123
\c_fp_pi_by_four_extended_int=\count124
\c_fp_pi_decimal_int=\count125
\c_fp_pi_extended_int=\count126
\c_fp_two_pi_decimal_int=\count127
\c_fp_two_pi_extended_int=\count128
\l_fp_count_int=\count129
\l_fp_div_offset_int=\count130
\l_fp_exp_integer_int=\count131
\l_fp_exp_decimal_int=\count132
\l_fp_exp_extended_int=\count133
\l_fp_exp_exponent_int=\count134
\l_fp_input_a_sign_int=\count135
\l_fp_input_a_integer_int=\count136
\l_fp_input_a_decimal_int=\count137
\l_fp_input_a_exponent_int=\count138
\l_fp_input_b_sign_int=\count139
\l_fp_input_b_integer_int=\count140
\l_fp_input_b_decimal_int=\count141
\l_fp_input_b_exponent_int=\count142
\l_fp_input_a_extended_int=\count143
\l_fp_input_b_extended_int=\count144
\l_fp_mul_a_i_int=\count145
\l_fp_mul_a_ii_int=\count146
\l_fp_mul_a_iii_int=\count147
\l_fp_mul_a_iv_int=\count148
\l_fp_mul_a_v_int=\count149
\l_fp_mul_a_vi_int=\count150
\l_fp_mul_b_i_int=\count151
\l_fp_mul_b_ii_int=\count152
\l_fp_mul_b_iii_int=\count153
\l_fp_mul_b_iv_int=\count154
\l_fp_mul_b_v_int=\count155
\l_fp_mul_b_vi_int=\count156
\l_fp_mul_output_int=\count157
\l_fp_output_sign_int=\count158
\l_fp_output_integer_int=\count159
\l_fp_output_decimal_int=\count160
\l_fp_output_exponent_int=\count161
\l_fp_output_extended_int=\count162
\l_fp_round_position_int=\count163
\l_fp_round_target_int=\count164
\l_fp_split_sign_int=\count165
\l_fp_tmp_int=\count166
\l_fp_trig_octant_int=\count167
\l_fp_trig_sign_int=\count168
\l_fp_trig_decimal_int=\count169
\l_fp_trig_extended_int=\count170
\l_fp_tmp_dim=\dimen118
\l_fp_tmp_skip=\skip54
)
(/usr/local/texlive/2011/texmf-dist/tex/latex/expl3/l3luatex.sty
Package: l3luatex 2010/07/18 v1985 L3 Experimental LuaTeX functions
\g_cctab_allocate_int=\count171
\g_cctab_stack_int=\count172
)
(/usr/local/texlive/2011/texmf-dist/tex/latex/tools/calc.sty
Package: calc 2007/08/22 v4.3 Infix arithmetic (KKT,FJ)
\calc@Acount=\count173
\calc@Bcount=\count174
\calc@Adimen=\dimen119
\calc@Bdimen=\dimen120
\calc@Askip=\skip55
\calc@Bskip=\skip56
LaTeX Info: Redefining \setlength on input line 76.
LaTeX Info: Redefining \addtolength on input line 77.
\calc@Ccount=\count175
\calc@Cskip=\skip57
))
(/usr/local/texlive/2011/texmf-dist/tex/latex/etoolbox/etoolbox.sty
Package: etoolbox 2011/01/03 v2.1 e-TeX tools for LaTeX
\etb@tempcnta=\count176
)
(/usr/local/texlive/2011/texmf-dist/tex/generic/oberdiek/ifpdf.sty
Package: ifpdf 2011/01/30 v2.3 Provides the ifpdf switch (HO)
Package ifpdf Info: pdfTeX in PDF mode is not detected.
)
(/usr/local/texlive/2011/texmf-dist/tex/generic/ifxetex/ifxetex.sty
Package: ifxetex 2010/09/12 v0.6 Provides ifxetex conditional
)
(/usr/local/texlive/2011/texmf-dist/tex/latex/graphics/keyval.sty
Package: keyval 1999/03/16 v1.13 key=value parser (DPC)
\KV@toks@=\toks45
)
(/usr/local/texlive/2011/texmf-dist/tex/latex/tools/indentfirst.sty
Package: indentfirst 1995/11/23 v1.03 Indent first paragraph (DPC)
)
(/usr/local/texlive/2011/texmf-dist/tex/latex/base/fix-cm.sty
Package: fix-cm 2006/09/13 v1.1m fixes to LaTeX

(/usr/local/texlive/2011/texmf-dist/tex/latex/base/ts1enc.def
File: ts1enc.def 2001/06/05 v3.0e (jk/car/fm) Standard LaTeX file
))
(/usr/local/texlive/2011/texmf-dist/tex/latex/fancyhdr/fancyhdr.sty
\fancy@headwidth=\skip58
\f@ncyO@elh=\skip59
\f@ncyO@erh=\skip60
\f@ncyO@olh=\skip61
\f@ncyO@orh=\skip62
\f@ncyO@elf=\skip63
\f@ncyO@erf=\skip64
\f@ncyO@olf=\skip65
\f@ncyO@orf=\skip66
)
(/usr/local/texlive/2011/texmf-dist/tex/latex/ctex/engine/ctex-xecjk-engine.def
(/usr/local/texlive/2011/texmf-dist/tex/latex/savesym/savesym.sty

LaTeX Warning: You have requested package `savesym',
               but the package provides `savesymbol'.

Package: savesymbol 2003/06/01 v1.1 Saves and restores symbols
) (/usr/local/texlive/2011/texmf-dist/tex/xelatex/xecjk/xeCJK.sty
Package: xeCJK 2011/05/01 2.3.19 package for typesetting CJK scripts with XeLaT
eX

(/usr/local/texlive/2011/texmf-dist/tex/latex/fontspec/fontspec.sty
Package: fontspec 2011/02/26 v2.1f Advanced font selection for XeLaTeX/LuaLaTeX


(/usr/local/texlive/2011/texmf-dist/tex/latex/xpackages/xbase/xparse.sty
Package: xparse 2011/04/08 v2219 Generic document command parser
\c_xparse_shorthands_prop=\toks46
\l_xparse_m_args_int=\count177
\l_xparse_mandatory_args_int=\count178
\l_xparse_processor_int=\count179
\l_xparse_total_args_int=\count180
)
(/usr/local/texlive/2011/texmf-dist/tex/generic/kastrup/binhex.tex)
\l_fontspec_script_int=\count181
\l_fontspec_language_int=\count182
\l_fontspec_strnum_int=\count183
Variant \tl_gset:cV already defined; not changing it on line 83

(/usr/local/texlive/2011/texmf-dist/tex/latex/xkeyval/xkeyval.sty
Package: xkeyval 2008/08/13 v2.6a package option processing (HA)

(/usr/local/texlive/2011/texmf-dist/tex/generic/xkeyval/xkeyval.tex
\XKV@toks=\toks47
\XKV@tempa@toks=\toks48
\XKV@depth=\count184
File: xkeyval.tex 2008/08/13 v2.6a key=value parser (HA)
))
(/usr/local/texlive/2011/texmf-dist/tex/latex/fontspec/fontspec-patches.sty
Package: fontspec-patches 2011/02/26 v2.1f Advanced font selection for XeLaTeX/
LuaLaTeX

(/usr/local/texlive/2011/texmf-dist/tex/latex/base/fixltx2e.sty
Package: fixltx2e 2006/09/13 v1.1m fixes to LaTeX
LaTeX Info: Redefining \em on input line 420.
LaTeX Info: The control sequence `\[' is already robust on input line 471.
LaTeX Info: The control sequence `\]' is already robust on input line 472.
)
LaTeX Info: Redefining \em on input line 22.
LaTeX Info: Redefining \emph on input line 29.
LaTeX Info: Redefining \- on input line 32.
)
(/usr/local/texlive/2011/texmf-dist/tex/latex/base/fontenc.sty
Package: fontenc 2005/09/27 v1.99g Standard LaTeX package

(/usr/local/texlive/2011/texmf-dist/tex/latex/euenc/eu1enc.def
File: eu1enc.def 2010/05/27 v0.1h Experimental Unicode font encodings
)
LaTeX Font Info:    Try loading font information for EU1+lmr on input line 100.


(/usr/local/texlive/2011/texmf-dist/tex/latex/euenc/eu1lmr.fd
File: eu1lmr.fd 2009/10/30 v1.6 Font defs for Latin Modern
))
(/usr/local/texlive/2011/texmf-dist/tex/xelatex/xunicode/xunicode.sty
File: xunicode.sty 2010/11/06 v0.96 provides access to latin accents and many o
ther characters in Unicode lower plane
)
 LaTeX info: Defining document command \fontspec
(LaTeX)  with arg. spec. 'O{}m' on line 335.

 LaTeX info: Defining document command \setmainfont
(LaTeX)  with arg. spec. 'O{}m' on line 339.

 LaTeX info: Defining document command \setsansfont
(LaTeX)  with arg. spec. 'O{}m' on line 343.

 LaTeX info: Defining document command \setmonofont
(LaTeX)  with arg. spec. 'O{}m' on line 347.

 LaTeX info: Defining document command \setmathrm
(LaTeX)  with arg. spec. 'O{}m' on line 351.

 LaTeX info: Defining document command \setboldmathrm
(LaTeX)  with arg. spec. 'O{}m' on line 354.

 LaTeX info: Defining document command \setmathsf
(LaTeX)  with arg. spec. 'O{}m' on line 357.

 LaTeX info: Defining document command \setmathtt
(LaTeX)  with arg. spec. 'O{}m' on line 360.

 LaTeX info: Defining document command \newfontfamily
(LaTeX)  with arg. spec. 'mO{}m' on line 377.

 LaTeX info: Defining document command \newfontface
(LaTeX)  with arg. spec. 'mO{}m' on line 380.

 LaTeX info: Defining document command \defaultfontfeatures
(LaTeX)  with arg. spec. 'm' on line 383.

 LaTeX info: Defining document command \addfontfeatures
(LaTeX)  with arg. spec. 'm' on line 400.

 LaTeX info: Defining document command \newfontfeature
(LaTeX)  with arg. spec. 'mm' on line 407.

 LaTeX info: Defining document command \newAATfeature
(LaTeX)  with arg. spec. 'mmmm' on line 416.

 LaTeX info: Defining document command \newICUfeature
(LaTeX)  with arg. spec. 'mmm' on line 425.

 LaTeX info: Defining document command \aliasfontfeature
(LaTeX)  with arg. spec. 'mm' on line 427.

 LaTeX info: Defining document command \aliasfontfeatureoption
(LaTeX)  with arg. spec. 'mmm' on line 430.

 LaTeX info: Defining document command \newfontscript
(LaTeX)  with arg. spec. 'mm' on line 435.

 LaTeX info: Defining document command \newfontlanguage
(LaTeX)  with arg. spec. 'mm' on line 457.

 LaTeX info: Defining document command \DeclareFontsExtensions
(LaTeX)  with arg. spec. 'm' on line 474.

\c@fontspec_tmp_int=\count185
LaTeX Info: Redefining \itshape on input line 2105.
LaTeX Info: Redefining \slshape on input line 2109.
LaTeX Info: Redefining \scshape on input line 2113.
LaTeX Info: Redefining \upshape on input line 2117.

(/usr/local/texlive/2011/texmf-dist/tex/latex/fontspec/fontspec.cfg))
\xeCJK@cnta=\count186
\xeCJK@cntb=\count187
\xeCJK@cntc=\count188
\xeCJK@cntd=\count189
\xeCJK@cnte=\count190
\xeCJK@dima=\dimen121
LaTeX Info: Redefining \normalfont on input line 853.
LaTeX Info: Redefining \rmfamily on input line 862.
LaTeX Info: Redefining \sffamily on input line 866.
LaTeX Info: Redefining \ttfamily on input line 870.
\xeCJK@featureadded=\count191
)
(/usr/local/texlive/2011/texmf-dist/tex/latex/ctex/engine/ctex-cjk-common.def
(/usr/local/texlive/2011/texmf-dist/tex/latex/cjk/texinput/CJKfntef.sty
Package: CJKfntef 2008/12/29 4.8.2

(/usr/local/texlive/2011/texmf-dist/tex/latex/cjk/texinput/CJKulem.sty
Package: CJKulem 2008/12/29 4.8.2

(/usr/local/texlive/2011/texmf-dist/tex/generic/ulem/ulem.sty
\UL@box=\box29
\UL@hyphenbox=\box30
\UL@skip=\skip67
\UL@hook=\toks49
\UL@height=\dimen122
\UL@pe=\count192
\UL@pixel=\dimen123
\ULC@box=\box31
Package: ulem 2011/03/18
\ULdepth=\dimen124
)
\UL@lastkern=\dimen125
\CJK@skip=\skip68
)
\CJK@fntefSkip=\skip69
\CJK@nest=\count193
\CJK@fntefDimen=\dimen126
\CJK@underdotBox=\box32
\CJK@ULbox=\box33
)
\ccwd=\dimen127
)
(/usr/local/texlive/2011/texmf-dist/tex/latex/ctex/fontset/ctex-xecjk-winfonts.
def))
\CTEX@q=\count194
\CTEX@r=\count195
) (/usr/local/texlive/2011/texmf-dist/tex/latex/ctex/def/ctex-caption.def) (/us
r/local/texlive/2011/texmf-dist/tex/latex/ctex/def/ctex-class.def)
(/usr/local/texlive/2011/texmf-dist/tex/latex/ctex/def/ctex-book.def))
(/usr/local/texlive/2011/texmf-dist/tex/latex/ctex/def/ctex-utf8.def)
(/usr/local/texlive/2011/texmf-dist/tex/latex/ctex/cfg/ctexcap.cfg
(/usr/local/texlive/2011/texmf-dist/tex/latex/ctex/cfg/ctexcap-utf8.cfg))
(/usr/local/texlive/2011/texmf-dist/tex/latex/ctex/cfg/ctex.cfg)
(/usr/local/texlive/2011/texmf-dist/tex/latex/geometry/geometry.sty
Package: geometry 2010/09/12 v5.6 Page Geometry

(/usr/local/texlive/2011/texmf-dist/tex/generic/oberdiek/ifvtex.sty
Package: ifvtex 2010/03/01 v1.5 Switches for detecting VTeX and its modes (HO)
Package ifvtex Info: VTeX not detected.
)
\Gm@cnth=\count196
\Gm@cntv=\count197
\c@Gm@tempcnt=\count198
\Gm@bindingoffset=\dimen128
\Gm@wd@mp=\dimen129
\Gm@odd@mp=\dimen130
\Gm@even@mp=\dimen131
\Gm@layoutwidth=\dimen132
\Gm@layoutheight=\dimen133
\Gm@layouthoffset=\dimen134
\Gm@layoutvoffset=\dimen135
\Gm@dimlist=\toks50
)
(/usr/local/texlive/2011/texmf-dist/tex/latex/setspace/setspace.sty
Package: setspace 2000/12/01 6.7 Contributed and Supported LaTeX2e package

Package: `setspace' 6.7 <2000/12/01>
) (/usr/local/texlive/2011/texmf-dist/tex/latex/titlesec/titletoc.sty
Package: titletoc 2007/08/12 v1.6 TOC entries
\ttl@leftsep=\dimen136
)
(/usr/local/texlive/2011/texmf-dist/tex/latex/base/ifthen.sty
Package: ifthen 2001/05/26 v1.1c Standard LaTeX ifthen package (DPC)
)
(/usr/local/texlive/2011/texmf-dist/tex/latex/threeparttable/threeparttable.sty
Package: threeparttable 2003/06/13  v 3.0
\@tempboxb=\box34
) (/usr/local/texlive/2011/texmf-dist/tex/latex/tools/dcolumn.sty
Package: dcolumn 2001/05/28 v1.06 decimal alignment package (DPC)

(/usr/local/texlive/2011/texmf-dist/tex/latex/tools/array.sty
Package: array 2008/09/09 v2.4c Tabular extension package (FMi)
\col@sep=\dimen137
\extrarowheight=\dimen138
\NC@list=\toks51
\extratabsurround=\skip70
\backup@length=\skip71
))
(/usr/local/texlive/2011/texmf-dist/tex/latex/multirow/multirow.sty
\bigstrutjot=\dimen139
)
(/usr/local/texlive/2011/texmf-dist/tex/latex/booktabs/booktabs.sty
Package: booktabs 2005/04/14 v1.61803 publication quality tables
\heavyrulewidth=\dimen140
\lightrulewidth=\dimen141
\cmidrulewidth=\dimen142
\belowrulesep=\dimen143
\belowbottomsep=\dimen144
\aboverulesep=\dimen145
\abovetopsep=\dimen146
\cmidrulesep=\dimen147
\cmidrulekern=\dimen148
\defaultaddspace=\dimen149
\@cmidla=\count199
\@cmidlb=\count200
\@aboverulesep=\dimen150
\@belowrulesep=\dimen151
\@thisruleclass=\count201
Normal \count register pool exhausted, switching to extended pool.
\@lastruleclass=\count277
\@thisrulewidth=\dimen152
)
(/usr/local/texlive/2011/texmf-dist/tex/latex/xltxtra/xltxtra.sty
Package: xltxtra 2010/09/20 v0.5e Improvements for the "XeLaTeX" format

(/usr/local/texlive/2011/texmf-dist/tex/generic/oberdiek/ifluatex.sty
Package: ifluatex 2010/03/01 v1.3 Provides the ifluatex switch (HO)
Package ifluatex Info: LuaTeX not detected.
)
(/usr/local/texlive/2011/texmf-dist/tex/latex/realscripts/realscripts.sty
Package: realscripts 2010/09/30 v0.3 Access OpenType subscripts and superscript
s
 LaTeX info: Defining document command \fakesubscript
(LaTeX)  with arg. spec. 'm' on line 19.

 LaTeX info: Defining document command \fakesuperscript
(LaTeX)  with arg. spec. 'm' on line 22.

 LaTeX info: Redefining document command \textsubscript
(LaTeX)  with arg. spec. 's' on line 25.

 LaTeX info: Redefining document command \textsuperscript
(LaTeX)  with arg. spec. 's' on line 28.

 LaTeX info: Defining document command \realsubscript
(LaTeX)  with arg. spec. 'm' on line 45.

 LaTeX info: Defining document command \realsuperscript
(LaTeX)  with arg. spec. 'm' on line 60.

 LaTeX info: Defining document command \textsubsuperscript
(LaTeX)  with arg. spec. 'sO{l}mm' on line 137.

 LaTeX info: Defining document command \textsupersubscript
(LaTeX)  with arg. spec. 'sO{l}mm' on line 140.

\subsupersep=\dimen153
)
(/usr/local/texlive/2011/texmf-dist/tex/latex/metalogo/metalogo.sty
Package: metalogo 2010/05/29 v0.12 Extended TeX logo macros

(/usr/local/texlive/2011/texmf-dist/tex/latex/graphics/graphicx.sty
Package: graphicx 1999/02/16 v1.0f Enhanced LaTeX Graphics (DPC,SPQR)

(/usr/local/texlive/2011/texmf-dist/tex/latex/graphics/graphics.sty
Package: graphics 2009/02/05 v1.0o Standard LaTeX Graphics (DPC,SPQR)

(/usr/local/texlive/2011/texmf-dist/tex/latex/graphics/trig.sty
Package: trig 1999/03/16 v1.09 sin cos tan (DPC)
)
(/usr/local/texlive/2011/texmf-dist/tex/latex/latexconfig/graphics.cfg
File: graphics.cfg 2010/04/23 v1.9 graphics configuration of TeX Live
)
Package graphics Info: Driver file: xetex.def on input line 91.

(/usr/local/texlive/2011/texmf-dist/tex/xelatex/xetex-def/xetex.def
File: xetex.def 2009/11/22 v0.94 LaTeX color/graphics driver for XeTeX (RRM/JK)

))
\Gin@req@height=\dimen154
\Gin@req@width=\dimen155
)
\xl@everylogo=\toks52
\xl@@everylogo=\toks53
LaTeX Info: Redefining \TeX on input line 193.
LaTeX Info: Redefining \LaTeX on input line 202.
LaTeX Info: Redefining \LaTeXe on input line 219.
)
\xxt@tempbox=\box35
)
(/usr/local/texlive/2011/texmf-dist/tex/latex/psnfss/times.sty
Package: times 2005/04/12 PSNFSS-v9.2a (SPQR) 
)
(/usr/local/texlive/2011/texmf-dist/tex/latex/base/fontenc.sty
Package: fontenc 2005/09/27 v1.99g Standard LaTeX package

(/usr/local/texlive/2011/texmf-dist/tex/latex/base/t1enc.def
File: t1enc.def 2005/09/27 v1.99g Standard LaTeX file
LaTeX Font Info:    Redeclaring font encoding T1 on input line 43.
)
LaTeX Font Info:    Try loading font information for T1+lmr on input line 100.

(/usr/local/texlive/2011/texmf-dist/tex/latex/lm/t1lmr.fd
File: t1lmr.fd 2009/10/30 v1.6 Font defs for Latin Modern
))
LaTeX Info: Redefining \nobreakspace on input line 126.

(/usr/local/texlive/2011/texmf-dist/tex/latex/subfigure/subfigure.sty
Package: subfigure 2002/03/15 v2.1.5 subfigure package
\subfigtopskip=\skip72
\subfigcapskip=\skip73
\subfigcaptopadj=\dimen156
\subfigbottomskip=\skip74
\subfigcapmargin=\dimen157
\subfiglabelskip=\skip75
\c@subfigure=\count278
\c@lofdepth=\count279
\c@subtable=\count280
\c@lotdepth=\count281

****************************************
* Local config file subfigure.cfg used *
****************************************
(/usr/local/texlive/2011/texmf-dist/tex/latex/subfigure/subfigure.cfg)
\subfig@top=\skip76
\subfig@bottom=\skip77
)
(/usr/local/texlive/2011/texmf-dist/tex/latex/wrapfig/wrapfig.sty
\wrapoverhang=\dimen158
\WF@size=\dimen159
\c@WF@wrappedlines=\count282
\WF@box=\box36
\WF@everypar=\toks54
Package: wrapfig 2003/01/31  v 3.6
)
(/usr/local/texlive/2011/texmf-dist/tex/latex/ccaption/ccaption.sty
Package: ccaption 2009/09/02 v3.2b Extended captioning and new floats
\@contcwidth=\skip78
\@contindw=\skip79
\abovelegendskip=\skip80
\belowlegendskip=\skip81
\c@newflo@tctr=\count283
)
(/usr/local/texlive/2011/texmf-dist/tex/latex/natbib/natbib.sty
Package: natbib 2010/09/13 8.31b (PWD, AO)
\bibhang=\skip82
\bibsep=\skip83
LaTeX Info: Redefining \cite on input line 694.
\c@NAT@ctr=\count284
)
(/usr/local/texlive/2011/texmf-dist/tex/latex/xcolor/xcolor.sty
Package: xcolor 2007/01/21 v2.11 LaTeX color extensions (UK)

(/usr/local/texlive/2011/texmf-dist/tex/latex/latexconfig/color.cfg
File: color.cfg 2007/01/18 v1.5 color configuration of teTeX/TeXLive
)
Package xcolor Info: Driver file: xetex.def on input line 225.
Package xcolor Info: Model `cmy' substituted by `cmy0' on input line 1337.
Package xcolor Info: Model `RGB' extended on input line 1353.
Package xcolor Info: Model `HTML' substituted by `rgb' on input line 1355.
Package xcolor Info: Model `Hsb' substituted by `hsb' on input line 1356.
Package xcolor Info: Model `tHsb' substituted by `hsb' on input line 1357.
Package xcolor Info: Model `HSB' substituted by `hsb' on input line 1358.
Package xcolor Info: Model `Gray' substituted by `gray' on input line 1359.
Package xcolor Info: Model `wave' substituted by `hsb' on input line 1360.
)
(/usr/local/texlive/2011/texmf-dist/tex/latex/marvosym/marvosym.sty
Package: marvosym 2006/05/11 v2.1 Martin Vogel's Symbols font definitions
)
(/usr/local/texlive/2011/texmf-dist/tex/latex/wasysym/wasysym.sty
Package: wasysym 2003/10/30 v2.0 Wasy-2 symbol support package
\symwasy=\mathgroup11
LaTeX Font Info:    Overwriting symbol font `wasy' in version `bold'
(Font)                  U/wasy/m/n --> U/wasy/b/n on input line 90.
)
(/usr/local/texlive/2011/texmf-dist/tex/latex/listings/listings.sty
\lst@mode=\count285
\lst@gtempboxa=\box37
\lst@token=\toks55
\lst@length=\count286
\lst@currlwidth=\dimen160
\lst@column=\count287
\lst@pos=\count288
\lst@lostspace=\dimen161
\lst@width=\dimen162
\lst@newlines=\count289
\lst@lineno=\count290
\lst@maxwidth=\dimen163

(/usr/local/texlive/2011/texmf-dist/tex/latex/listings/lstmisc.sty
File: lstmisc.sty 2007/02/22 1.4 (Carsten Heinz)
\c@lstnumber=\count291
\lst@skipnumbers=\count292
\lst@framebox=\box38
)
(/usr/local/texlive/2011/texmf-dist/tex/latex/listings/listings.cfg
File: listings.cfg 2007/02/22 1.4 listings configuration
))
Package: listings 2007/02/22 1.4 (Carsten Heinz)

(/usr/local/texlive/2011/texmf-dist/tex/latex/hyperref/hyperref.sty
Package: hyperref 2011/04/17 v6.82g Hypertext links for LaTeX

(/usr/local/texlive/2011/texmf-dist/tex/generic/oberdiek/hobsub-hyperref.sty
Package: hobsub-hyperref 2011/04/23 v1.4 Bundle oberdiek, subset hyperref (HO)

(/usr/local/texlive/2011/texmf-dist/tex/generic/oberdiek/hobsub-generic.sty
Package: hobsub-generic 2011/04/23 v1.4 Bundle oberdiek, subset generic (HO)
Package: hobsub 2011/04/23 v1.4 Subsetting bundle oberdiek (HO)
Package: infwarerr 2010/04/08 v1.3 Providing info/warning/message (HO)
Package: ltxcmds 2011/04/18 v1.20 LaTeX kernel commands for general use (HO)
Package hobsub Info: Skipping package `ifluatex' (already loaded).
Package hobsub Info: Skipping package `ifvtex' (already loaded).
Package: intcalc 2007/09/27 v1.1 Expandable integer calculations (HO)
Package hobsub Info: Skipping package `ifpdf' (already loaded).
Package: etexcmds 2011/02/16 v1.5 Prefix for e-TeX command names (HO)
Package etexcmds Info: Could not find \expanded.
(etexcmds)             That can mean that you are not using pdfTeX 1.50 or
(etexcmds)             that some package has redefined \expanded.
(etexcmds)             In the latter case, load this package earlier.
Package: kvsetkeys 2011/04/07 v1.13 Key value parser (HO)
Package: kvdefinekeys 2011/04/07 v1.3 Defining keys (HO)
Package: pdftexcmds 2011/04/22 v0.16 Utilities of pdfTeX for LuaTeX (HO)
Package pdftexcmds Info: LuaTeX not detected.
Package pdftexcmds Info: pdfTeX >= 1.30 not detected.
Package pdftexcmds Info: \pdf@primitive is available.
Package pdftexcmds Info: \pdf@ifprimitive is available.
Package pdftexcmds Info: \pdfdraftmode not found.
Package: pdfescape 2011/04/04 v1.12 Provides string conversions (HO)
Package: bigintcalc 2011/01/30 v1.2 Expandable big integer calculations (HO)
Package: bitset 2011/01/30 v1.1 Data type bit set (HO)
Package: uniquecounter 2011/01/30 v1.2 Provides unlimited unique counter (HO)
)
Package hobsub Info: Skipping package `hobsub' (already loaded).
Package: letltxmacro 2010/09/02 v1.4 Let assignment for LaTeX macros (HO)
Package: hopatch 2011/01/30 v1.0 Wrapper for package hooks (HO)
Package: xcolor-patch 2011/01/30 xcolor patch
Package: atveryend 2011/04/23 v1.7 Hooks at very end of document (HO)
Package: atbegshi 2011/01/30 v1.15 At begin shipout hook (HO)
Package: refcount 2010/12/01 v3.2 Data extraction from references (HO)
Package: hycolor 2011/01/30 v1.7 Color options of hyperref/bookmark (HO)
)
(/usr/local/texlive/2011/texmf-dist/tex/latex/oberdiek/kvoptions.sty
Package: kvoptions 2010/12/23 v3.10 Keyval support for LaTeX options (HO)
)
\@linkdim=\dimen164
\Hy@linkcounter=\count293
\Hy@pagecounter=\count294

(/usr/local/texlive/2011/texmf-dist/tex/latex/hyperref/pd1enc.def
File: pd1enc.def 2011/04/17 v6.82g Hyperref: PDFDocEncoding definition (HO)
)
\Hy@SavedSpaceFactor=\count295

(/usr/local/texlive/2011/texmf-dist/tex/xelatex/xetexconfig/hyperref.cfg
File: hyperref.cfg 2008/07/11 v1.2 hyperref configuration for XeLaTeX
)
Package hyperref Info: Hyper figures OFF on input line 4026.
Package hyperref Info: Link nesting OFF on input line 4031.
Package hyperref Info: Hyper index ON on input line 4034.
Package hyperref Info: Plain pages OFF on input line 4041.
Package hyperref Info: Backreferencing OFF on input line 4046.
Package hyperref Info: Implicit mode ON; LaTeX internals redefined.
Package hyperref Info: Bookmarks ON on input line 4264.
\c@Hy@tempcnt=\count296

(/usr/local/texlive/2011/texmf-dist/tex/latex/url/url.sty
\Urlmuskip=\muskip11
Package: url 2006/04/12  ver 3.3  Verb mode for urls, etc.
)
LaTeX Info: Redefining \url on input line 4617.
\Fld@menulength=\count297
\Field@Width=\dimen165
\Fld@charsize=\dimen166
Package hyperref Info: Hyper figures OFF on input line 5701.
Package hyperref Info: Link nesting OFF on input line 5706.
Package hyperref Info: Hyper index ON on input line 5709.
Package hyperref Info: backreferencing OFF on input line 5716.
Package hyperref Info: Link coloring OFF on input line 5721.
Package hyperref Info: Link coloring with OCG OFF on input line 5726.
Package hyperref Info: PDF/A mode OFF on input line 5731.
LaTeX Info: Redefining \ref on input line 5771.
LaTeX Info: Redefining \pageref on input line 5775.
\Hy@abspage=\count298
\c@Item=\count299
\c@Hfootnote=\count300
)

Package hyperref Message: Driver: hxetex.

(/usr/local/texlive/2011/texmf-dist/tex/latex/hyperref/hxetex.def
File: hxetex.def 2011/04/17 v6.82g Hyperref driver for XeTeX

(/usr/local/texlive/2011/texmf-dist/tex/latex/hyperref/puenc.def
File: puenc.def 2011/04/17 v6.82g Hyperref: PDF Unicode definition (HO)
)
(/usr/local/texlive/2011/texmf-dist/tex/generic/oberdiek/stringenc.sty
Package: stringenc 2010/03/01 v1.8 Converts strings between encodings (HO)
)
\pdfm@box=\box39
\c@Hy@AnnotLevel=\count301
\HyField@AnnotCount=\count302
\Fld@listcount=\count303
\c@bookmark@seq@number=\count304

(/usr/local/texlive/2011/texmf-dist/tex/latex/oberdiek/rerunfilecheck.sty
Package: rerunfilecheck 2011/04/15 v1.7 Rerun checks for auxiliary files (HO)
Package rerunfilecheck Info: Feature \pdfmdfivesum is not available
(rerunfilecheck)             (e.g. pdfTeX or LuaTeX with package `pdftexcmds').

(rerunfilecheck)             Therefore file contents cannot be checked efficien
tly
(rerunfilecheck)             and the loading of the package is aborted.
)
\Hy@SectionHShift=\skip84
)
Package hyperref Info: Option `bookmarksnumbered' set `true' on input line 220.

Package hyperref Info: Option `colorlinks' set `true' on input line 220.
Package hyperref Info: Option `plainpages' set `false' on input line 220.

(/usr/local/texlive/2011/texmf-dist/tex/latex/enumitem/enumitem.sty
Package: enumitem 2009/05/18 v2.2 Customized lists
\enit@toks=\toks56
\labelindent=\skip85
\enit@outerparindent=\dimen167
\enitdp@desc=\count305
)

! LaTeX Error: Command \resumelist already defined.
               Or name \end... illegal, see p.192 of the manual.

See the LaTeX manual or LaTeX Companion for explanation.
Type  H <return>  for immediate help.
 ...                                              
                                                  
l.638    {\endlist}
                   
Your command was ignored.
Type  I <command> <return>  to replace it with another command,
or  <return>  to continue without it.

) (./bitmaster-xetex.cfg
File: bitmaster-xetex.cfg 2009/09/15 v0.2a bitmaster-xetex configuration file
\c@algo=\count306
\c@thm=\count307
\c@defn=\count308
\c@conj=\count309
\c@exmp=\count310
\c@rem=\count311
\c@case=\count312
)

LaTeX Warning: Unused global option(s):
    [a4paer].

(./demo.aux (./body/abstract.aux) (./body/chapter01.aux) (./body/chapter02.aux)
(./body/chapter03.aux) (./body/conclusion.aux) (./body/app1.aux)
(./body/app2.aux) (./body/pub.aux) (./body/thanks.aux))
\openout1 = `demo.aux'.

LaTeX Font Info:    Checking defaults for OML/cmm/m/it on input line 53.
LaTeX Font Info:    ... okay on input line 53.
LaTeX Font Info:    Checking defaults for T1/cmr/m/n on input line 53.
LaTeX Font Info:    ... okay on input line 53.
LaTeX Font Info:    Checking defaults for OT1/cmr/m/n on input line 53.
LaTeX Font Info:    ... okay on input line 53.
LaTeX Font Info:    Checking defaults for OMS/cmsy/m/n on input line 53.
LaTeX Font Info:    ... okay on input line 53.
LaTeX Font Info:    Checking defaults for OMX/cmex/m/n on input line 53.
LaTeX Font Info:    ... okay on input line 53.
LaTeX Font Info:    Checking defaults for U/cmr/m/n on input line 53.
LaTeX Font Info:    ... okay on input line 53.
LaTeX Font Info:    Checking defaults for TS1/cmr/m/n on input line 53.
LaTeX Font Info:    ... okay on input line 53.
LaTeX Font Info:    Checking defaults for EU1/lmr/m/n on input line 53.
LaTeX Font Info:    ... okay on input line 53.
LaTeX Font Info:    Checking defaults for PD1/pdf/m/n on input line 53.
LaTeX Font Info:    ... okay on input line 53.
LaTeX Font Info:    Checking defaults for PU/pdf/m/n on input line 53.
LaTeX Font Info:    ... okay on input line 53.
LaTeX Font Info:    Try loading font information for T1+ptm on input line 53.

(/usr/local/texlive/2011/texmf-dist/tex/latex/psnfss/t1ptm.fd
File: t1ptm.fd 2001/06/04 font definitions for T1/ptm.
)
 fontspec info: Adjusting the maths setup (use [no-math] to avoid this).

\symlegacymaths=\mathgroup12
LaTeX Font Info:    Overwriting symbol font `legacymaths' in version `bold'
(Font)                  OT1/cmr/m/n --> OT1/cmr/bx/n on input line 53.
LaTeX Font Info:    Redeclaring math accent \acute on input line 53.
LaTeX Font Info:    Redeclaring math accent \grave on input line 53.
LaTeX Font Info:    Redeclaring math accent \ddot on input line 53.
LaTeX Font Info:    Redeclaring math accent \tilde on input line 53.
LaTeX Font Info:    Redeclaring math accent \bar on input line 53.
LaTeX Font Info:    Redeclaring math accent \breve on input line 53.
LaTeX Font Info:    Redeclaring math accent \check on input line 53.
LaTeX Font Info:    Redeclaring math accent \hat on input line 53.
LaTeX Font Info:    Redeclaring math accent \dot on input line 53.
LaTeX Font Info:    Redeclaring math accent \mathring on input line 53.
LaTeX Font Info:    Redeclaring math symbol \Gamma on input line 53.
LaTeX Font Info:    Redeclaring math symbol \Delta on input line 53.
LaTeX Font Info:    Redeclaring math symbol \Theta on input line 53.
LaTeX Font Info:    Redeclaring math symbol \Lambda on input line 53.
LaTeX Font Info:    Redeclaring math symbol \Xi on input line 53.
LaTeX Font Info:    Redeclaring math symbol \Pi on input line 53.
LaTeX Font Info:    Redeclaring math symbol \Sigma on input line 53.
LaTeX Font Info:    Redeclaring math symbol \Upsilon on input line 53.
LaTeX Font Info:    Redeclaring math symbol \Phi on input line 53.
LaTeX Font Info:    Redeclaring math symbol \Psi on input line 53.
LaTeX Font Info:    Redeclaring math symbol \Omega on input line 53.
LaTeX Font Info:    Redeclaring math symbol \mathdollar on input line 53.
LaTeX Font Info:    Redeclaring symbol font `operators' on input line 53.
LaTeX Font Info:    Encoding `OT1' has changed to `EU1' for symbol font
(Font)              `operators' in the math version `normal' on input line 53.
LaTeX Font Info:    Overwriting symbol font `operators' in version `normal'
(Font)                  OT1/cmr/m/n --> EU1/ptm/m/n on input line 53.
LaTeX Font Info:    Encoding `OT1' has changed to `EU1' for symbol font
(Font)              `operators' in the math version `bold' on input line 53.
LaTeX Font Info:    Overwriting symbol font `operators' in version `bold'
(Font)                  OT1/cmr/bx/n --> EU1/ptm/m/n on input line 53.
LaTeX Font Info:    Overwriting symbol font `operators' in version `normal'
(Font)                  EU1/ptm/m/n --> EU1/ptm/m/n on input line 53.
LaTeX Font Info:    Overwriting math alphabet `\mathrm' in version `normal'
(Font)                  EU1/ptm/m/n --> EU1/ptm/m/n on input line 53.
LaTeX Font Info:    Overwriting math alphabet `\mathit' in version `normal'
(Font)                  OT1/cmr/m/it --> EU1/ptm/m/it on input line 53.
LaTeX Font Info:    Overwriting math alphabet `\mathbf' in version `normal'
(Font)                  OT1/cmr/bx/n --> EU1/ptm/bx/n on input line 53.
LaTeX Font Info:    Overwriting math alphabet `\mathsf' in version `normal'
(Font)                  OT1/cmss/m/n --> EU1/phv/m/n on input line 53.
LaTeX Font Info:    Overwriting math alphabet `\mathtt' in version `normal'
(Font)                  OT1/cmtt/m/n --> EU1/pcr/m/n on input line 53.
LaTeX Font Info:    Overwriting symbol font `operators' in version `bold'
(Font)                  EU1/ptm/m/n --> EU1/ptm/bx/n on input line 53.
LaTeX Font Info:    Overwriting math alphabet `\mathrm' in version `bold'
(Font)                  EU1/ptm/m/n --> EU1/ptm/bx/n on input line 53.
LaTeX Font Info:    Overwriting math alphabet `\mathit' in version `bold'
(Font)                  OT1/cmr/bx/it --> EU1/ptm/bx/it on input line 53.
LaTeX Font Info:    Overwriting math alphabet `\mathsf' in version `bold'
(Font)                  OT1/cmss/bx/n --> EU1/phv/bx/n on input line 53.
LaTeX Font Info:    Overwriting math alphabet `\mathtt' in version `bold'
(Font)                  OT1/cmtt/m/n --> EU1/pcr/bx/n on input line 53.

*geometry* driver: auto-detecting
*geometry* detected driver: xetex
*geometry* verbose mode - [ preamble ] result:
* driver: xetex
* paper: <default>
* layout: <same size as paper>
* layoutoffset:(h,v)=(0.0pt,0.0pt)
* modes: twoside 
* h-part:(L,W,R)=(76.82234pt, 460.65031pt, 76.82234pt)
* v-part:(T,H,B)=(85.35826pt, 658.39668pt, 51.21504pt)
* \paperwidth=614.295pt
* \paperheight=794.96999pt
* \textwidth=460.65031pt
* \textheight=658.39668pt
* \oddsidemargin=4.55235pt
* \evensidemargin=4.55235pt
* \topmargin=-12.51918pt
* \headheight=14.22636pt
* \headsep=11.38109pt
* \topskip=12.0pt
* \footskip=22.76219pt
* \marginparwidth=98.0pt
* \marginparsep=7.0pt
* \columnsep=10.0pt
* \skip\footins=10.8pt plus 4.0pt minus 2.0pt
* \hoffset=0.0pt
* \voffset=0.0pt
* \mag=1000
* \@twocolumnfalse
* \@twosidetrue
* \@mparswitchtrue
* \@reversemarginfalse
* (1in=72.27pt=25.4mm, 1cm=28.453pt)

\c@lstlisting=\count313
\AtBeginShipoutBox=\box40
Package hyperref Info: Link coloring ON on input line 53.
(/usr/local/texlive/2011/texmf-dist/tex/latex/hyperref/nameref.sty
Package: nameref 2010/04/30 v2.40 Cross-referencing by name of section

(/usr/local/texlive/2011/texmf-dist/tex/generic/oberdiek/gettitlestring.sty
Package: gettitlestring 2010/12/03 v1.4 Cleanup title references (HO)
)
\c@section@level=\count314
)
LaTeX Info: Redefining \ref on input line 53.
LaTeX Info: Redefining \pageref on input line 53.
LaTeX Info: Redefining \nameref on input line 53.

(./demo.out) (./demo.out)
\@outlinefile=\write3
\openout3 = `demo.out'.

 fontspec info: Font SimHei does not contain any OpenType `Script' information.


\g_fontspec_family_SimHei_int=\count315
 fontspec info: Defining font family 'SimHei(0)' for font 'SimHei' with options
 [Ligatures=TeX,BoldFont={SimHei},BoldFeatures={RawFeature={embolden=4}}].

\g_fontspec_SimHei(0)_prop=\toks57
 fontspec info: Defining shape 'normal' with NFSS spec.:
(fontspec)  <->"SimHei/ICU:mapping=tex-text;"

 fontspec info: Defining shape 'bold' with NFSS spec.:
(fontspec)  <->"SimHei/ICU:mapping=tex-text;embolden=4;"

 fontspec info: Could not resolve font SimHei/I (it probably doesn't exist).

 fontspec info: Could not resolve font SimHei/I (it probably doesn't exist).

LaTeX Font Info:    Try loading font information for EU1+ptm on input line 87.
LaTeX Font Info:    No file EU1ptm.fd. on input line 87.


LaTeX Font Warning: Font shape `EU1/ptm/m/n' undefined
(Font)              using `EU1/lmr/m/n' instead on input line 87.

LaTeX Font Info:    Try loading font information for U+msa on input line 87.
(/usr/local/texlive/2011/texmf-dist/tex/latex/amsfonts/umsa.fd
File: umsa.fd 2009/06/22 v3.00 AMS symbols A
)
LaTeX Font Info:    Try loading font information for U+msb on input line 87.

(/usr/local/texlive/2011/texmf-dist/tex/latex/amsfonts/umsb.fd
File: umsb.fd 2009/06/22 v3.00 AMS symbols B
)
LaTeX Font Info:    Try loading font information for U+rsfs on input line 87.

(/usr/local/texlive/2011/texmf-dist/tex/latex/jknapltx/ursfs.fd
File: ursfs.fd 1998/03/24 rsfs font definition file (jk)
)

LaTeX Font Warning: Font shape `U/rsfs/m/n' in size <22.08> not available
(Font)              size <20.74> substituted on input line 87.


LaTeX Font Warning: Font shape `U/rsfs/m/n' in size <16.06> not available
(Font)              size <17.28> substituted on input line 87.

LaTeX Font Info:    Try loading font information for U+wasy on input line 87.
(/usr/local/texlive/2011/texmf-dist/tex/latex/wasysym/uwasy.fd
File: uwasy.fd 2003/10/30 v2.0 Wasy-2 symbol font definitions
)

LaTeX Font Warning: Font shape `U/wasy/m/n' in size <22.08> not available
(Font)              size <20.74> substituted on input line 87.


LaTeX Font Warning: Font shape `U/wasy/m/n' in size <16.06> not available
(Font)              size <17.28> substituted on input line 87.

 fontspec info: Font SimHei does not contain any OpenType `Script' information.


 fontspec info: Font SimSun does not contain any OpenType `Script' information.


\g_fontspec_family_SimSun_int=\count316
 fontspec info: Defining font family 'SimSun(0)' for font 'SimSun' with options
 [Ligatures=TeX,BoldFont={SimSun},BoldFeatures={RawFeature={embolden=4}}].

\g_fontspec_SimSun(0)_prop=\toks58
 fontspec info: Defining shape 'normal' with NFSS spec.:
(fontspec)  <->"SimSun/ICU:mapping=tex-text;"

 fontspec info: Defining shape 'bold' with NFSS spec.:
(fontspec)  <->"SimSun/ICU:mapping=tex-text;embolden=4;"

 fontspec info: Could not resolve font SimSun/I (it probably doesn't exist).

 fontspec info: Could not resolve font SimSun/I (it probably doesn't exist).

(/usr/local/texlive/2011/texmf-dist/tex/generic/oberdiek/se-ascii-print.def
File: se-ascii-print.def 2010/03/01 v1.8 stringenc: Printable ASCII characters
)
[1


] [2


]
 fontspec info: Font SimHei does not contain any OpenType `Script' information.




LaTeX Font Warning: Font shape `U/rsfs/m/n' in size <15.06> not available
(Font)              size <14.4> substituted on input line 87.


LaTeX Font Warning: Font shape `U/wasy/m/n' in size <15.06> not available
(Font)              size <14.4> substituted on input line 87.

 fontspec info: Font SimHei does not contain any OpenType `Script' information.


[3

] [4


]
LaTeX Font Info:    Font shape `T1/ptm/bx/n' in size <18.07> not available
(Font)              Font shape `T1/ptm/b/n' tried instead on input line 91.

! Undefined control sequence.
<argument> ...{\hfill \CAST@value@englishchairman 
                                                  \hfill }\xdef \UL@spfactor...
l.91 
     
The control sequence at the end of the top line
of your error message was never \def'ed. If you have
misspelled it (e.g., `\hobx'), type `I' and the correct
spelling (e.g., `I\hbox'). Otherwise just continue,
and I'll forget about whatever was undefined.

[5

] [6


]
! Missing number, treated as zero.
<to be read again> 
                   e
l.93 \makeVerticalTitle
                       
A number should have been here; I inserted `0'.
(If you can't figure out why I needed to see a number,
look up `weird error' in the index to The TeXbook.)


Overfull \hbox (35.5706pt too wide) in paragraph at lines 93--93
[]\T1/ptm/m/n/22.08 BIT
 []


Overfull \hbox (22.08pt too wide) in paragraph at lines 93--93
\zhhei/m/n/22.08 硕
 []


Overfull \hbox (22.08pt too wide) in paragraph at lines 93--93
\zhhei/m/n/22.08 士
 []


Overfull \hbox (22.08pt too wide) in paragraph at lines 93--93
\zhhei/m/n/22.08 论
 []


Overfull \hbox (22.07999pt too wide) in paragraph at lines 93--93
\zhhei/m/n/22.08 文
 []


Overfull \hbox (50.30809pt too wide) in paragraph at lines 93--93
\T1/ptm/m/n/22.08 L[]T[]X
 []


Overfull \hbox (22.08pt too wide) in paragraph at lines 93--93
\zhhei/m/n/22.08 模
 []


Overfull \hbox (22.08pt too wide) in paragraph at lines 93--93
\zhhei/m/n/22.08 板 
 []


Overfull \hbox (22.08pt too wide) in paragraph at lines 93--93
[]\zhhei/m/n/22.08 北
 []


Overfull \hbox (22.08pt too wide) in paragraph at lines 93--93
\zhhei/m/n/22.08 京
 []


Overfull \hbox (22.08pt too wide) in paragraph at lines 93--93
\zhhei/m/n/22.08 理
 []


Overfull \hbox (22.08pt too wide) in paragraph at lines 93--93
\zhhei/m/n/22.08 工
 []


Overfull \hbox (22.08pt too wide) in paragraph at lines 93--93
\zhhei/m/n/22.08 大
 []


Overfull \hbox (22.08pt too wide) in paragraph at lines 93--93
\zhhei/m/n/22.08 学 
 []

! Missing number, treated as zero.
<to be read again> 
                   e
l.93 \makeVerticalTitle
                       
A number should have been here; I inserted `0'.
(If you can't figure out why I needed to see a number,
look up `weird error' in the index to The TeXbook.)

[7

] [8


]
LaTeX Font Info:    Font shape `T1/ptm/bx/n' in size <12.05> not available
(Font)              Font shape `T1/ptm/b/n' tried instead on input line 96.
LaTeX Font Info:    Font shape `T1/ptm/bx/n' in size <16.06> not available
(Font)              Font shape `T1/ptm/b/n' tried instead on input line 96.
 fontspec info: Font SimSun does not contain any OpenType `Script' information.


 fontspec info: Defining font family 'SimSun(1)' for font 'SimSun' with options
 [Ligatures=TeX,BoldFont={SimHei},ItalicFont={KaiTi}].

\g_fontspec_SimSun(1)_prop=\toks59
 fontspec info: Defining shape 'normal' with NFSS spec.:
(fontspec)  <->"SimSun/ICU:mapping=tex-text;"

 fontspec info: Defining shape 'bold' with NFSS spec.:
(fontspec)  <->"SimHei/ICU:mapping=tex-text;"

 fontspec info: Defining shape 'italic' with NFSS spec.:
(fontspec)  <->"KaiTi/ICU:mapping=tex-text;"

 fontspec info: Could not resolve font SimHei/I (it probably doesn't exist).

 fontspec info: Font SimSun does not contain any OpenType `Script' information.


LaTeX Font Info:    Try loading font information for OMS+ptm on input line 96.
 (/usr/local/texlive/2011/texmf-dist/tex/latex/psnfss/omsptm.fd
File: omsptm.fd 
)
LaTeX Font Info:    Font shape `OMS/ptm/m/n' in size <12.05> not available
(Font)              Font shape `OMS/cmsy/m/n' tried instead on input line 96.

[9

] [10


]
\openout2 = `body/abstract.aux'.

 (./body/abstract.tex
 fontspec info: Font SimHei does not contain any OpenType `Script' information.


 fontspec info: Font SimSun does not contain any OpenType `Script' information.


 [1



])
 fontspec info: Font SimSun does not contain any OpenType `Script' information.


 [2

]
 fontspec info: Font SimHei does not contain any OpenType `Script' information.


 (./demo.toc
 fontspec info: Font SimSun does not contain any OpenType `Script' information.




LaTeX Font Warning: Font shape `U/rsfs/m/n' in size <10.54> not available
(Font)              size <10.95> substituted on input line 18.


LaTeX Font Warning: Font shape `U/rsfs/m/n' in size <7.53> not available
(Font)              size <8> substituted on input line 18.


LaTeX Font Warning: Font shape `U/wasy/m/n' in size <10.54> not available
(Font)              size <10.95> substituted on input line 18.


LaTeX Font Warning: Font shape `U/wasy/m/n' in size <7.53> not available
(Font)              size <8> substituted on input line 18.

[3


])
\tf@toc=\write4
\openout4 = `demo.toc'.

 [4]
\openout2 = `body/chapter01.aux'.

 (./body/chapter01.tex
第1\ignorespaces 章
 fontspec info: Font SimSun does not contain any OpenType `Script' information.


LaTeX Font Info:    Try loading font information for T1+pcr on input line 14.
(/usr/local/texlive/2011/texmf-dist/tex/latex/psnfss/t1pcr.fd
File: t1pcr.fd 2001/06/04 font definitions for T1/pcr.
)
LaTeX Font Info:    Font shape `T1/ptm/bx/n' in size <14.05> not available
(Font)              Font shape `T1/ptm/b/n' tried instead on input line 17.
 fontspec info: Font SimHei does not contain any OpenType `Script' information.


 fontspec info: Font SimHei does not contain any OpenType `Script' information.


 fontspec info: Font SimSun does not contain any OpenType `Script' information.


 [1



]
Missing character: There is no ├ in font pcrr8t!
 fontspec info: Font FangSong does not contain any OpenType `Script' informatio
n.

\g_fontspec_family_FangSong_int=\count317
 fontspec info: Defining font family 'FangSong(0)' for font 'FangSong' with opt
ions [Ligatures=TeX,BoldFont={FangSong},BoldFeatures={RawFeature={embolden=4}}]
.

\g_fontspec_FangSong(0)_prop=\toks60
 fontspec info: Defining shape 'normal' with NFSS spec.:
(fontspec)  <->"FangSong/ICU:mapping=tex-text;"

 fontspec info: Defining shape 'bold' with NFSS spec.:
(fontspec)  <->"FangSong/ICU:mapping=tex-text;embolden=4;"

 fontspec info: Could not resolve font FangSong/I (it probably doesn't exist).

 fontspec info: Could not resolve font FangSong/I (it probably doesn't exist).

Missing character: There is no ├ in font pcrr8t!
Missing character: There is no ├ in font pcrr8t!
Missing character: There is no ├ in font pcrr8t!
Missing character: There is no ├ in font pcrr8t!
Missing character: There is no │ in font pcrr8t!
Missing character: There is no ├ in font pcrr8t!
Missing character: There is no │ in font pcrr8t!
Missing character: There is no ├ in font pcrr8t!
Missing character: There is no │ in font pcrr8t!
Missing character: There is no ├ in font pcrr8t!
Missing character: There is no │ in font pcrr8t!
Missing character: There is no ├ in font pcrr8t!
Missing character: There is no │ in font pcrr8t!
Missing character: There is no ├ in font pcrr8t!
Missing character: There is no │ in font pcrr8t!
Missing character: There is no ├ in font pcrr8t!
Missing character: There is no │ in font pcrr8t!
Missing character: There is no ├ in font pcrr8t!
Missing character: There is no │ in font pcrr8t!
Missing character: There is no ├ in font pcrr8t!
Missing character: There is no │ in font pcrr8t!
Missing character: There is no ├ in font pcrr8t!
Missing character: There is no │ in font pcrr8t!
Missing character: There is no ├ in font pcrr8t!
Missing character: There is no │ in font pcrr8t!
Missing character: There is no └ in font pcrr8t!
Missing character: There is no ├ in font pcrr8t!
Missing character: There is no │ in font pcrr8t!
Missing character: There is no └ in font pcrr8t!
Missing character: There is no ├ in font pcrr8t!
Missing character: There is no ├ in font pcrr8t!
Missing character: There is no │ in font pcrr8t!
Missing character: There is no ├ in font pcrr8t!
Missing character: There is no │ in font pcrr8t!
Missing character: There is no └ in font pcrr8t!
Missing character: There is no ├ in font pcrr8t!
 [2]
LaTeX Font Info:    Try loading font information for U+mvs on input line 132.

(/usr/local/texlive/2011/texmf-dist/tex/latex/marvosym/umvs.fd) [3]
Overfull \hbox (72.39832pt too wide) in paragraph at lines 194--195
[][]\T1/pcr/m/n/10.54 \documentclass[cs4size, a4paer, cs4size, oneside, openany
]{bitmaster-xetex} 
 []

[4]
Missing character: There is no Ⅰ in font ptmr8t!
Missing character: There is no Ⅱ in font ptmr8t!
Missing character: There is no Ⅲ in font ptmr8t!
 [5]
LaTeX Font Info:    Font shape `OMS/ptm/m/n' in size <9.03> not available
(Font)              Font shape `OMS/cmsy/m/n' tried instead on input line 243.
 [6]) [7]
\openout2 = `body/chapter02.aux'.

 (./body/chapter02.tex
第2\ignorespaces 章
(/usr/local/texlive/2011/texmf-dist/tex/latex/listings/lstlang1.sty
File: lstlang1.sty 2004/09/05 1.3 listings language file
)
(/usr/local/texlive/2011/texmf-dist/tex/latex/listings/lstlang2.sty
File: lstlang2.sty 2004/09/05 1.3 listings language file
)
(/usr/local/texlive/2011/texmf-dist/tex/latex/listings/lstlang3.sty
File: lstlang3.sty 2004/09/05 1.3 listings language file
)
(/usr/local/texlive/2011/texmf-dist/tex/latex/listings/lstlang1.sty
File: lstlang1.sty 2004/09/05 1.3 listings language file
)
(/usr/local/texlive/2011/texmf-dist/tex/latex/listings/lstlang2.sty
File: lstlang2.sty 2004/09/05 1.3 listings language file
)
(/usr/local/texlive/2011/texmf-dist/tex/latex/listings/lstlang3.sty
File: lstlang3.sty 2004/09/05 1.3 listings language file
)
(/usr/local/texlive/2011/texmf-dist/tex/latex/listings/lstlang1.sty
File: lstlang1.sty 2004/09/05 1.3 listings language file
)
(/usr/local/texlive/2011/texmf-dist/tex/latex/listings/lstlang2.sty
File: lstlang2.sty 2004/09/05 1.3 listings language file
)
(/usr/local/texlive/2011/texmf-dist/tex/latex/listings/lstlang3.sty
File: lstlang3.sty 2004/09/05 1.3 listings language file
)
(/usr/local/texlive/2011/texmf-dist/tex/latex/listings/lstmisc.sty
File: lstmisc.sty 2007/02/22 1.4 (Carsten Heinz)
)
LaTeX Font Info:    Font shape `T1/ptm/bx/n' in size <9.03> not available
(Font)              Font shape `T1/ptm/b/n' tried instead on input line 42.
 [8



]
Overfull \hbox (2.5853pt too wide) in paragraph at lines 87--92
\T1/ptm/m/n/12.05 prop(\zhsong/m/n/12.05 命 题\T1/ptm/m/n/12.05 )\zhsong/m/n/
12.05 ，| \T1/ptm/m/n/12.05 cor(\zhsong/m/n/12.05 推 论\T1/ptm/m/n/12.05 )\z
hsong/m/n/12.05 ，| \T1/ptm/m/n/12.05 defn(\zhsong/m/n/12.05 定 义\T1/ptm/m/
n/12.05 )\zhsong/m/n/12.05 ，| \T1/ptm/m/n/12.05 conj(\zhsong/m/n/12.05 猜 
\T1/ptm/m/n/12.05 )\zhsong/m/n/12.05 ，| \T1/ptm/m/n/12.05 exmp(\zhsong/m/n/1
2.05 例\T1/ptm/m/n/12.05 )\zhsong/m/n/12.05 ，| \T1/ptm/m/n/12.05 rem(\zhsong
/m/n/12.05 注\T1/ptm/m/n/12.05 )\zhsong/m/n/12.05 ，| \T1/ptm/m/n/12.05 case(
\zhsong/m/n/12.05 情 形\T1/ptm/m/n/12.05 )\zhsong/m/n/12.05 ，| \T1/ptm/m/n/
12.05 bthm(\zhsong/m/n/12.05 断
 []


LaTeX Font Warning: Font shape `EU1/ptm/bx/n' undefined
(Font)              using `EU1/ptm/m/n' instead on input line 99.

[9]
File: figures/chap2/testpng.png Graphic file (type QTm)
 <use  "figures/chap2/testpng.png" >
File: figures/chap2/testjpg.jpg Graphic file (type QTm)
 <use  "figures/chap2/testjpg.jpg" >
File: figures/chap2/testeps.eps Graphic file (type eps)

<figures/chap2/testeps.eps>
File: figures/chap2/testpdf.pdf Graphic file (type QTm)
 <use  "figures/chap2/testpdf.pdf" >
File: figures/chap2/testpdf.pdf Graphic file (type QTm)

<use  "figures/chap2/testpdf.pdf" > [10]
File: figures/chap2/testpdf.pdf Graphic file (type QTm)
 <use  "figures/chap2/testpdf.pdf" >
[11]
Overfull \hbox (4.35281pt too wide) in paragraph at lines 221--221
[]|\T1/ptm/m/n/12.05 total|  
 []

[12] [13] [14] [15]
(/usr/local/texlive/2011/texmf-dist/tex/latex/listings/lstlang1.sty
File: lstlang1.sty 2004/09/05 1.3 listings language file
)
(/usr/local/texlive/2011/texmf-dist/tex/latex/listings/lstmisc.sty
File: lstmisc.sty 2007/02/22 1.4 (Carsten Heinz)
)
(/usr/local/texlive/2011/texmf-dist/tex/latex/listings/lstlang1.sty
File: lstlang1.sty 2004/09/05 1.3 listings language file
) [16]
Underfull \vbox (badness 10000) has occurred while \output is active []

 [17])
[18]
\openout2 = `body/chapter03.aux'.

 (./body/chapter03.tex
第3\ignorespaces 章
 fontspec info: Font SimHei does not contain any OpenType `Script' information.


) [19



]
\openout2 = `body/conclusion.aux'.

 (./body/conclusion.tex) [20



]
\openout2 = `body/app1.aux'.

 (./body/app1.tex
附录\nobreakspace {}A
) [21



]
\openout2 = `body/app2.aux'.

 (./body/app2.tex
附录\nobreakspace {}B

Underfull \vbox (badness 10000) has occurred while \output is active []

 [22



])
[23] (./demo.bbl
LaTeX Font Info:    Font shape `T1/ptm/bx/n' in size <10.54> not available
(Font)              Font shape `T1/ptm/b/n' tried instead on input line 2.
 fontspec info: Font SimSun does not contain any OpenType `Script' information.


 [24



]) [25]
\openout2 = `body/pub.aux'.

 (./body/pub.tex) [26


]
\openout2 = `body/thanks.aux'.

 (./body/thanks.tex

Package hyperref Warning: Token not allowed in a PDF string (Unicode):
(hyperref)                \hskip 12.05pt
(hyperref)                replaced by space on input line 10.


Package hyperref Warning: Token not allowed in a PDF string (Unicode):
(hyperref)                \hskip 12.05pt
(hyperref)                replaced by space on input line 10.

 fontspec info: Font LiSu does not contain any OpenType `Script' information.

\g_fontspec_family_LiSu_int=\count318
 fontspec info: Defining font family 'LiSu(0)' for font 'LiSu' with options [Li
gatures=TeX,BoldFont={LiSu},BoldFeatures={RawFeature={embolden=4}}].

\g_fontspec_LiSu(0)_prop=\toks61
 fontspec info: Defining shape 'normal' with NFSS spec.:
(fontspec)  <->"LiSu/ICU:mapping=tex-text;"

 fontspec info: Defining shape 'bold' with NFSS spec.:
(fontspec)  <->"LiSu/ICU:mapping=tex-text;embolden=4;"

 fontspec info: Could not resolve font LiSu/I (it probably doesn't exist).

 fontspec info: Could not resolve font LiSu/I (it probably doesn't exist).

) [27



]
Package atveryend Info: Empty hook `BeforeClearDocument' on input line 184.
Package atveryend Info: Empty hook `AfterLastShipout' on input line 184.
 (./demo.aux (./body/abstract.aux) (./body/chapter01.aux)
(./body/chapter02.aux) (./body/chapter03.aux) (./body/conclusion.aux)
(./body/app1.aux) (./body/app2.aux) (./body/pub.aux) (./body/thanks.aux))
Package atveryend Info: Empty hook `AtVeryEndDocument' on input line 184.
Package atveryend Info: Empty hook `AtEndAfterFileList' on input line 184.


LaTeX Font Warning: Size substitutions with differences
(Font)              up to 1.34pt have occurred.


LaTeX Font Warning: Some font shapes were not available, defaults substituted.

 ) 
Here is how much of TeX's memory you used:
 24964 strings out of 494150
 393978 string characters out of 3152949
 711188 words of memory out of 3000000
 27587 multiletter control sequences out of 15000+200000
 79634 words of font info for 233 fonts, out of 3000000 for 9000
 1018 hyphenation exceptions out of 8191
 64i,17n,126p,862b,1748s stack positions out of 5000i,500n,10000p,200000b,50000s

Output written on demo.pdf (41 pages).
